<?xml version="1.0" encoding="UTF-8"?>
<!-- Generated by org.testng.reporters.JUnitReportReporter -->
<testsuite hostname="Fatema-Kassim" failures="0" tests="1" name="ReadEmailAndResetByLink" time="19.568" errors="0" timestamp="2025-03-12T14:46:33 GST" skipped="0">
  <testcase classname="ReadEmailAndResetByLink" name="verifyConfirmationEmail" time="19.568"/>
</testsuite> <!-- ReadEmailAndResetByLink -->
