<?xml version="1.0" encoding="UTF-8"?>
<!-- Generated by org.testng.reporters.JUnitReportReporter -->
<testsuite hostname="Fatema-Kassim" failures="0" tests="1" name="SendEmailWithAttachment" time="4.134" errors="0" timestamp="2025-03-12T15:27:21 GST" skipped="0">
  <testcase classname="SendEmailWithAttachment" name="sendEmailWithAttachment" time="4.134"/>
</testsuite> <!-- SendEmailWithAttachment -->
