<?xml version="1.0" encoding="UTF-8"?>
<!-- Generated by org.testng.reporters.JUnitReportReporter -->
<testsuite hostname="Fatema-Kassim" failures="0" tests="1" name="ReadEmailAndResetByCode" time="22.948" errors="0" timestamp="2025-03-12T14:47:48 GST" skipped="0">
  <testcase classname="ReadEmailAndResetByCode" name="verifyConfirmationMail" time="22.948"/>
</testsuite> <!-- ReadEmailAndResetByCode -->
