<?xml version="1.0" encoding="UTF-8"?>
<!-- Generated by org.testng.reporters.JUnitReportReporter -->
<testsuite hostname="Fatema-Kassim" failures="0" tests="1" name="SendSimpleEmail" time="2.998" errors="0" timestamp="2025-03-12T15:13:19 GST" skipped="0">
  <testcase classname="SendSimpleEmail" name="sendEmailWithOnlyText" time="2.998"/>
</testsuite> <!-- SendSimpleEmail -->
