<?xml version="1.0" encoding="UTF-8"?>
<!-- Generated by org.testng.reporters.JUnitReportReporter -->
<testsuite hostname="Fatema-Kassim" failures="0" tests="1" name="ReadEmailCode2" time="20.292" errors="0" timestamp="2025-03-12T13:07:29 GST" skipped="0">
  <testcase classname="ReadEmailCode2" name="verifyConfirmationEmail" time="20.292"/>
</testsuite> <!-- ReadEmailCode2 -->
